# JRE version: OpenJDK Runtime Environment (8.0_152-b02) (build 1.8.0_152-release-1024-b02)
# Java VM: OpenJDK 64-Bit Server VM (25.152-b02 mixed mode windows-amd64 compressed oops)
Heap:
 PSYoungGen      total 481280K, used 179662K [0x00000000e0000000, 0x00000000ffa00000, 0x0000000100000000)
  eden space 452608K, 36% used [0x00000000e0000000,0x00000000ea1cbe70,0x00000000fba00000)
  from space 28672K, 48% used [0x00000000fde00000,0x00000000feba7990,0x00000000ffa00000)
  to   space 32768K, 0% used [0x00000000fba00000,0x00000000fba00000,0x00000000fda00000)
 ParOldGen       total 115200K, used 75433K [0x00000000a0000000, 0x00000000a7080000, 0x00000000e0000000)
  object space 115200K, 65% used [0x00000000a0000000,0x00000000a49aa448,0x00000000a7080000)
 Metaspace       used 87913K, capacity 92912K, committed 93144K, reserved 1130496K
  class space    used 11247K, capacity 12230K, committed 12288K, reserved 1048576K
GC Heap History (10 events):
Event: 96.448 GC heap before
{Heap before GC invocations=15 (full 3):
 PSYoungGen      total 487936K, used 476358K [0x00000000e0000000, 0x0000000100000000, 0x0000000100000000)
  eden space 461312K, 99% used [0x00000000e0000000,0x00000000fc0b0ca0,0x00000000fc280000)
  from space 26624K, 63% used [0x00000000fc280000,0x00000000fd300b90,0x00000000fdc80000)
  to   space 27136K, 0% used [0x00000000fe580000,0x00000000fe580000,0x0000000100000000)
 ParOldGen       total 115200K, used 31276K [0x00000000a0000000, 0x00000000a7080000, 0x00000000e0000000)
  object space 115200K, 27% used [0x00000000a0000000,0x00000000a1e8b3b8,0x00000000a7080000)
 Metaspace       used 68244K, capacity 71604K, committed 71768K, reserved 1112064K
  class space    used 9105K, capacity 9741K, committed 9856K, reserved 1048576K
Event: 96.492 GC heap after
Heap after GC invocations=15 (full 3):
 PSYoungGen      total 483840K, used 27128K [0x00000000e0000000, 0x0000000100000000, 0x0000000100000000)
  eden space 456704K, 0% used [0x00000000e0000000,0x00000000e0000000,0x00000000fbe00000)
  from space 27136K, 99% used [0x00000000fe580000,0x00000000ffffe038,0x0000000100000000)
  to   space 33792K, 0% used [0x00000000fbe00000,0x00000000fbe00000,0x00000000fdf00000)
 ParOldGen       total 115200K, used 37584K [0x00000000a0000000, 0x00000000a7080000, 0x00000000e0000000)
  object space 115200K, 32% used [0x00000000a0000000,0x00000000a24b4030,0x00000000a7080000)
 Metaspace       used 68244K, capacity 71604K, committed 71768K, reserved 1112064K
  class space    used 9105K, capacity 9741K, committed 9856K, reserved 1048576K
}
Event: 100.001 GC heap before
{Heap before GC invocations=16 (full 3):
 PSYoungGen      total 483840K, used 482893K [0x00000000e0000000, 0x0000000100000000, 0x0000000100000000)
  eden space 456704K, 99% used [0x00000000e0000000,0x00000000fbd15690,0x00000000fbe00000)
  from space 27136K, 99% used [0x00000000fe580000,0x00000000ffffe038,0x0000000100000000)
  to   space 33792K, 0% used [0x00000000fbe00000,0x00000000fbe00000,0x00000000fdf00000)
 ParOldGen       total 115200K, used 37584K [0x00000000a0000000, 0x00000000a7080000, 0x00000000e0000000)
  object space 115200K, 32% used [0x00000000a0000000,0x00000000a24b4030,0x00000000a7080000)
 Metaspace       used 68896K, capacity 72386K, committed 72536K, reserved 1112064K
  class space    used 9179K, capacity 9856K, committed 9856K, reserved 1048576K
Event: 100.015 GC heap after
Heap after GC invocations=16 (full 3):
 PSYoungGen      total 490496K, used 6111K [0x00000000e0000000, 0x0000000100000000, 0x0000000100000000)
  eden space 456704K, 0% used [0x00000000e0000000,0x00000000e0000000,0x00000000fbe00000)
  from space 33792K, 18% used [0x00000000fbe00000,0x00000000fc3f7da0,0x00000000fdf00000)
  to   space 32768K, 0% used [0x00000000fe000000,0x00000000fe000000,0x0000000100000000)
 ParOldGen       total 115200K, used 46960K [0x00000000a0000000, 0x00000000a7080000, 0x00000000e0000000)
  object space 115200K, 40% used [0x00000000a0000000,0x00000000a2ddc338,0x00000000a7080000)
 Metaspace       used 68896K, capacity 72386K, committed 72536K, reserved 1112064K
  class space    used 9179K, capacity 9856K, committed 9856K, reserved 1048576K
}
Event: 3302.398 GC heap before
{Heap before GC invocations=17 (full 3):
 PSYoungGen      total 490496K, used 462815K [0x00000000e0000000, 0x0000000100000000, 0x0000000100000000)
  eden space 456704K, 100% used [0x00000000e0000000,0x00000000fbe00000,0x00000000fbe00000)
  from space 33792K, 18% used [0x00000000fbe00000,0x00000000fc3f7da0,0x00000000fdf00000)
  to   space 32768K, 0% used [0x00000000fe000000,0x00000000fe000000,0x0000000100000000)
 ParOldGen       total 115200K, used 46960K [0x00000000a0000000, 0x00000000a7080000, 0x00000000e0000000)
  object space 115200K, 40% used [0x00000000a0000000,0x00000000a2ddc338,0x00000000a7080000)
 Metaspace       used 79622K, capacity 83944K, committed 84056K, reserved 1122304K
  class space    used 10423K, capacity 11307K, committed 11392K, reserved 1048576K
Event: 3302.637 GC heap after
Heap after GC invocations=17 (full 3):
 PSYoungGen      total 483328K, used 29034K [0x00000000e0000000, 0x0000000100000000, 0x0000000100000000)
  eden space 450560K, 0% used [0x00000000e0000000,0x00000000e0000000,0x00000000fb800000)
  from space 32768K, 88% used [0x00000000fe000000,0x00000000ffc5aa30,0x0000000100000000)
  to   space 36864K, 0% used [0x00000000fb800000,0x00000000fb800000,0x00000000fdc00000)
 ParOldGen       total 115200K, used 47328K [0x00000000a0000000, 0x00000000a7080000, 0x00000000e0000000)
  object space 115200K, 41% used [0x00000000a0000000,0x00000000a2e383a8,0x00000000a7080000)
 Metaspace       used 79622K, capacity 83944K, committed 84056K, reserved 1122304K
  class space    used 10423K, capacity 11307K, committed 11392K, reserved 1048576K
}
Event: 4003.794 GC heap before
{Heap before GC invocations=18 (full 3):
 PSYoungGen      total 483328K, used 479594K [0x00000000e0000000, 0x0000000100000000, 0x0000000100000000)
  eden space 450560K, 100% used [0x00000000e0000000,0x00000000fb800000,0x00000000fb800000)
  from space 32768K, 88% used [0x00000000fe000000,0x00000000ffc5aa30,0x0000000100000000)
  to   space 36864K, 0% used [0x00000000fb800000,0x00000000fb800000,0x00000000fdc00000)
 ParOldGen       total 115200K, used 47328K [0x00000000a0000000, 0x00000000a7080000, 0x00000000e0000000)
  object space 115200K, 41% used [0x00000000a0000000,0x00000000a2e383a8,0x00000000a7080000)
 Metaspace       used 86863K, capacity 91602K, committed 91736K, reserved 1128448K
  class space    used 11189K, capacity 12150K, committed 12160K, reserved 1048576K
Event: 4003.823 GC heap after
Heap after GC invocations=18 (full 3):
 PSYoungGen      total 487424K, used 13788K [0x00000000e0000000, 0x0000000100000000, 0x0000000100000000)
  eden space 450560K, 0% used [0x00000000e0000000,0x00000000e0000000,0x00000000fb800000)
  from space 36864K, 37% used [0x00000000fb800000,0x00000000fc577148,0x00000000fdc00000)
  to   space 34816K, 0% used [0x00000000fde00000,0x00000000fde00000,0x0000000100000000)
 ParOldGen       total 115200K, used 68335K [0x00000000a0000000, 0x00000000a7080000, 0x00000000e0000000)
  object space 115200K, 59% used [0x00000000a0000000,0x00000000a42bbd78,0x00000000a7080000)
 Metaspace       used 86863K, capacity 91602K, committed 91736K, reserved 1128448K
  class space    used 11189K, capacity 12150K, committed 12160K, reserved 1048576K
}
Event: 4706.440 GC heap before
{Heap before GC invocations=19 (full 3):
 PSYoungGen      total 487424K, used 464348K [0x00000000e0000000, 0x0000000100000000, 0x0000000100000000)
  eden space 450560K, 100% used [0x00000000e0000000,0x00000000fb800000,0x00000000fb800000)
  from space 36864K, 37% used [0x00000000fb800000,0x00000000fc577148,0x00000000fdc00000)
  to   space 34816K, 0% used [0x00000000fde00000,0x00000000fde00000,0x0000000100000000)
 ParOldGen       total 115200K, used 68335K [0x00000000a0000000, 0x00000000a7080000, 0x00000000e0000000)
  object space 115200K, 59% used [0x00000000a0000000,0x00000000a42bbd78,0x00000000a7080000)
 Metaspace       used 87735K, capacity 92674K, committed 92888K, reserved 1130496K
  class space    used 11223K, capacity 12188K, committed 12288K, reserved 1048576K
Event: 4706.474 GC heap after
Heap after GC invocations=19 (full 3):
 PSYoungGen      total 481280K, used 13982K [0x00000000e0000000, 0x00000000ffa00000, 0x0000000100000000)
  eden space 452608K, 0% used [0x00000000e0000000,0x00000000e0000000,0x00000000fba00000)
  from space 28672K, 48% used [0x00000000fde00000,0x00000000feba7990,0x00000000ffa00000)
  to   space 32768K, 0% used [0x00000000fba00000,0x00000000fba00000,0x00000000fda00000)
 ParOldGen       total 115200K, used 75433K [0x00000000a0000000, 0x00000000a7080000, 0x00000000e0000000)
  object space 115200K, 65% used [0x00000000a0000000,0x00000000a49aa448,0x00000000a7080000)
 Metaspace       used 87735K, capacity 92674K, committed 92888K, reserved 1130496K
  class space    used 11223K, capacity 12188K, committed 12288K, reserved 1048576K
}

